mode: atomic
github.com/millken/gocache/cache.go:24.33,25.26 1 0
github.com/millken/gocache/cache.go:28.2,28.48 1 0
github.com/millken/gocache/cache.go:25.26,27.3 1 0
github.com/millken/gocache/cache.go:53.37,54.35 1 20
github.com/millken/gocache/cache.go:57.2,63.32 3 20
github.com/millken/gocache/cache.go:67.2,67.10 1 20
github.com/millken/gocache/cache.go:54.35,56.3 1 9
github.com/millken/gocache/cache.go:63.32,66.3 2 0
github.com/millken/gocache/cache.go:70.63,72.28 2 18
github.com/millken/gocache/cache.go:75.2,75.11 1 18
github.com/millken/gocache/cache.go:78.2,84.15 3 18
github.com/millken/gocache/cache.go:72.28,74.3 1 15
github.com/millken/gocache/cache.go:75.11,77.3 1 8
github.com/millken/gocache/cache.go:87.51,91.12 3 5094187
github.com/millken/gocache/cache.go:95.2,95.25 1 5094183
github.com/millken/gocache/cache.go:101.2,102.26 2 5094180
github.com/millken/gocache/cache.go:91.12,94.3 2 4
github.com/millken/gocache/cache.go:95.25,96.46 1 2214910
github.com/millken/gocache/cache.go:96.46,99.4 2 3
github.com/millken/gocache/cache.go:105.34,109.13 4 1
github.com/millken/gocache/cache.go:109.13,111.3 1 0
github.com/millken/gocache/cache.go:114.54,115.24 1 1
github.com/millken/gocache/cache.go:121.2,122.19 2 1
github.com/millken/gocache/cache.go:115.24,116.36 1 0
github.com/millken/gocache/cache.go:116.36,119.4 2 0
github.com/millken/gocache/cache.go:125.50,129.12 4 7
github.com/millken/gocache/cache.go:134.2,140.15 3 7
github.com/millken/gocache/cache.go:129.12,131.3 1 7
github.com/millken/gocache/cache.go:131.8,133.3 1 0
github.com/millken/gocache/cache.go:143.55,146.12 3 2633919
github.com/millken/gocache/cache.go:150.2,150.25 1 2633919
github.com/millken/gocache/cache.go:156.2,158.12 3 2633919
github.com/millken/gocache/cache.go:162.2,163.18 2 2633918
github.com/millken/gocache/cache.go:146.12,149.3 2 0
github.com/millken/gocache/cache.go:150.25,151.46 1 0
github.com/millken/gocache/cache.go:151.46,154.4 2 0
github.com/millken/gocache/cache.go:158.12,161.3 2 1
github.com/millken/gocache/cache.go:166.35,169.12 3 1
github.com/millken/gocache/cache.go:174.2,176.12 3 1
github.com/millken/gocache/cache.go:180.2,186.8 4 1
github.com/millken/gocache/cache.go:169.12,172.3 2 0
github.com/millken/gocache/cache.go:176.12,179.3 2 0
github.com/millken/gocache/cache.go:192.56,196.2 3 0
github.com/millken/gocache/cache.go:198.48,200.11 2 0
github.com/millken/gocache/cache.go:203.2,205.12 3 0
github.com/millken/gocache/cache.go:209.2,212.15 3 0
github.com/millken/gocache/cache.go:200.11,202.3 1 0
github.com/millken/gocache/cache.go:205.12,208.3 2 0
github.com/millken/gocache/cache.go:220.33,224.28 4 0
github.com/millken/gocache/cache.go:233.2,234.33 2 0
github.com/millken/gocache/cache.go:224.28,226.45 1 0
github.com/millken/gocache/cache.go:226.45,228.15 2 0
github.com/millken/gocache/cache.go:228.15,230.5 1 0
github.com/millken/gocache/cache.go:234.33,236.3 1 0
github.com/millken/gocache/janitor.go:10.33,12.6 2 0
github.com/millken/gocache/janitor.go:12.6,13.10 1 0
github.com/millken/gocache/janitor.go:14.19,15.21 1 0
github.com/millken/gocache/janitor.go:16.17,18.10 2 0
github.com/millken/gocache/janitor.go:23.28,25.2 1 0
github.com/millken/gocache/janitor.go:27.45,34.2 3 0
